<?xml version="1.0" encoding="UTF-8"?>
<!-- Generated by org.testng.reporters.JUnitReportReporter -->
<testsuite hostname="Jarvis-Vck" failures="0" tests="1" name="TEST.Lgntest" time="21.403" errors="0" timestamp="2022-06-13T11:39:45 IST" skipped="0">
  <testcase classname="TEST.Lgntest" name="lgwtcred_lgt_lo_sl_buy" time="21.403"/>
  <system-out/>
</testsuite> <!-- TEST.Lgntest -->
